[2024-05-12 04:44:09.217 AM] error: [object Object]
[2024-05-12 04:44:46.061 AM] error: [object Object]
[2024-05-12 04:45:45.599 AM] error: [object Object]
[2024-05-12 04:46:22.610 AM] error: [object Object]
[2024-05-12 04:48:44.469 AM] error: [object Object]
[2024-05-12 04:49:34.768 AM] error: [object Object]
[2024-05-12 04:50:03.352 AM] error: [object Object]
[2024-05-12 04:50:28.864 AM] error: [object Object]
[2024-05-12 04:51:15.031 AM] error: ReferenceError: name is not defined
[2024-05-12 04:51:58.559 AM] error: MongoServerError: E11000 duplicate key error collection: test.users index: email_1 dup key: { email: "shailesh@gmail.com" }
[2024-05-12 04:52:17.755 AM] error: MongoServerError: E11000 duplicate key error collection: test.users index: username_1 dup key: { username: "shaileshbhai" }
[2024-05-12 04:53:31.754 AM] error: MongoServerError: E11000 duplicate key error collection: test.users index: email_1 dup key: { email: "shaileshbhai1234@gmail.com" }
[2024-05-12 05:31:50.772 AM] error: TypeError: Cannot read properties of null (reading 'password')
[2024-05-21 07:45:43.482 AM] error: Error [ERR_HTTP_HEADERS_SENT]: Cannot set headers after they are sent to the client
[2024-05-27 04:42:05.773 PM] error: Error [ERR_HTTP_HEADERS_SENT]: Cannot set headers after they are sent to the client
[2024-05-27 04:46:50.692 PM] error: Error [ERR_HTTP_HEADERS_SENT]: Cannot set headers after they are sent to the client
[2024-05-27 04:50:53.826 PM] error: MongoServerError: E11000 duplicate key error collection: test.users index: email_1 dup key: { email: "test12223@gmail.com" }
[2024-05-27 05:07:16.021 PM] error: MongoServerError: E11000 duplicate key error collection: test.users index: email_1 dup key: { email: "test@gmail.com" }
[2024-05-27 05:07:59.750 PM] error: MongoServerError: E11000 duplicate key error collection: test.users index: email_1 dup key: { email: "test@gmail.com" }
[2024-05-27 05:08:22.591 PM] error: MongoServerError: E11000 duplicate key error collection: test.users index: email_1 dup key: { email: "test@gmail.com" }
[2024-05-27 05:08:33.067 PM] error: MongoServerError: E11000 duplicate key error collection: test.users index: email_1 dup key: { email: "test@gmail.com" }
[2024-05-27 05:10:41.515 PM] error: MongoServerError: E11000 duplicate key error collection: test.users index: email_1 dup key: { email: "test@gmail.com" }
[2024-05-27 05:10:57.684 PM] error: MongoServerError: E11000 duplicate key error collection: test.users index: email_1 dup key: { email: "test@gmail.com" }
[2024-05-27 05:13:21.120 PM] error: MongoServerError: E11000 duplicate key error collection: test.users index: email_1 dup key: { email: "viraj@gmail.com" }
[2024-05-27 05:14:09.891 PM] error: MongoServerError: E11000 duplicate key error collection: test.users index: email_1 dup key: { email: "viraj@gmail.com" }
[2024-05-27 05:14:43.623 PM] error: MongoServerError: E11000 duplicate key error collection: test.users index: email_1 dup key: { email: "viraj@gmail.com" }
[2024-05-27 05:20:18.655 PM] error: MongoServerError: E11000 duplicate key error collection: test.users index: email_1 dup key: { email: "viraj@gmail.com" }
[2024-05-29 10:03:10.171 PM] error: Error [ERR_HTTP_HEADERS_SENT]: Cannot set headers after they are sent to the client
[2024-05-29 10:06:33.898 PM] error: MongoServerError: E11000 duplicate key error collection: test.users index: username_1 dup key: { username: "shaileshbhai" }
[2024-05-31 03:55:40.321 PM] error: TypeError: Cannot read properties of undefined (reading 'email')
[2024-05-31 03:55:40.326 PM] error: TypeError: Cannot read properties of undefined (reading 'email')
[2024-06-10 10:22:29.899 PM] error: MongoServerError: E11000 duplicate key error collection: test.users index: username_1 dup key: { username: "shaileshbhai" }
[2024-06-11 04:00:20.809 PM] error: MongoServerError: E11000 duplicate key error collection: test.users index: username_1 dup key: { username: "vaibhav" }
[2024-06-11 04:01:10.349 PM] error: MongoServerError: E11000 duplicate key error collection: test.users index: username_1 dup key: { username: "vaibhav" }
[2024-06-11 04:01:45.244 PM] error: MongoServerError: E11000 duplicate key error collection: test.users index: username_1 dup key: { username: "vaibhavvvv" }
[2024-06-11 04:01:55.634 PM] error: MongoServerError: E11000 duplicate key error collection: test.users index: username_1 dup key: { username: "vaibhavvvv" }
[2024-06-11 04:02:29.071 PM] error: MongoServerError: E11000 duplicate key error collection: test.users index: username_1 dup key: { username: "vaibhavvvv" }
[2024-06-16 12:09:07.264 PM] error: MongooseError: Operation `users.findOne()` buffering timed out after 10000ms
[2024-06-16 12:09:15.562 PM] error: MongooseError: Operation `users.findOne()` buffering timed out after 10000ms
[2024-06-16 12:11:14.544 PM] error: MongooseError: Operation `users.findOne()` buffering timed out after 10000ms
[2024-06-16 12:11:19.003 PM] error: MongooseError: Operation `users.findOne()` buffering timed out after 10000ms
[2024-06-16 12:31:23.358 PM] error: MongooseError: Operation `users.findOne()` buffering timed out after 10000ms
[2024-06-16 12:31:26.692 PM] error: MongooseError: Operation `users.findOne()` buffering timed out after 10000ms
[2024-06-16 12:31:32.260 PM] error: MongooseError: Operation `users.findOne()` buffering timed out after 10000ms
[2024-06-16 12:31:33.068 PM] error: MongooseError: Operation `users.findOne()` buffering timed out after 10000ms
[2024-06-16 12:32:05.688 PM] error: MongooseError: Operation `users.findOne()` buffering timed out after 10000ms
[2024-06-17 09:36:12.453 PM] error: MongooseError: Operation `users.findOne()` buffering timed out after 10000ms
[2024-06-17 09:36:18.312 PM] error: MongooseError: Operation `users.findOne()` buffering timed out after 10000ms
[2024-06-17 09:36:43.722 PM] error: MongooseError: Operation `users.findOne()` buffering timed out after 10000ms
[2024-06-17 09:36:45.407 PM] error: MongooseError: Operation `users.findOne()` buffering timed out after 10000ms
[2024-06-17 09:36:51.050 PM] error: MongooseError: Operation `users.findOne()` buffering timed out after 10000ms
[2024-06-17 09:37:21.547 PM] error: MongooseError: Operation `users.findOne()` buffering timed out after 10000ms
[2024-06-18 10:03:49.993 PM] error: Error: Field 'email' doesn't have a default value
[2024-06-18 10:03:52.217 PM] error: Error: Field 'email' doesn't have a default value
[2024-06-19 09:55:10.202 PM] error: Error: Field 'email' doesn't have a default value
[2024-06-21 07:50:51.570 AM] error: Error: Field 'email' doesn't have a default value
[2024-06-21 07:50:53.526 AM] error: Error: Field 'email' doesn't have a default value
[2024-06-21 07:58:20.709 AM] error: Error: Field 'user_id' doesn't have a default value
[2024-06-21 07:58:28.387 AM] error: Error: Field 'user_id' doesn't have a default value
[2024-06-21 07:58:48.857 AM] error: Error: Field 'user_id' doesn't have a default value
[2024-06-21 07:59:41.904 AM] error: Error: Column count doesn't match value count at row 1
[2024-06-21 08:00:22.156 AM] error: Error: Column count doesn't match value count at row 1
[2024-06-22 07:27:29.408 PM] error: Error: Column 'whatsapp' cannot be null
[2024-06-22 07:27:33.497 PM] error: Error: Column 'whatsapp' cannot be null
[2024-06-22 07:46:21.029 PM] error: ReferenceError: re is not defined
[2024-06-23 12:30:43.959 PM] error: TypeError: Cannot read properties of undefined (reading 'join')
{"level":"error","status":500,"timestamp":"2025-02-13T02:57:30.510Z"}
{"level":"error","message":"Internal server error","name":"InternalServerError","statusCode":500,"timestamp":"2025-02-13T02:57:30.512Z"}
{"level":"error","status":500,"timestamp":"2025-02-13T02:57:30.520Z"}
{"level":"error","message":"Internal server error","name":"InternalServerError","statusCode":500,"timestamp":"2025-02-13T02:57:30.521Z"}
{"level":"error","status":500,"timestamp":"2025-02-13T02:57:30.523Z"}
{"level":"error","message":"Internal server error","name":"InternalServerError","statusCode":500,"timestamp":"2025-02-13T02:57:30.523Z"}
{"level":"error","status":500,"timestamp":"2025-02-13T02:57:33.757Z"}
{"level":"error","message":"Internal server error","name":"InternalServerError","statusCode":500,"timestamp":"2025-02-13T02:57:33.757Z"}
{"level":"error","status":500,"timestamp":"2025-02-13T02:57:33.764Z"}
{"level":"error","message":"Internal server error","name":"InternalServerError","statusCode":500,"timestamp":"2025-02-13T02:57:33.764Z"}
{"level":"error","status":500,"timestamp":"2025-02-13T02:57:33.769Z"}
{"level":"error","message":"Internal server error","name":"InternalServerError","statusCode":500,"timestamp":"2025-02-13T02:57:33.769Z"}
{"level":"error","status":500,"timestamp":"2025-02-13T02:57:34.054Z"}
{"level":"error","message":"Internal server error","name":"InternalServerError","statusCode":500,"timestamp":"2025-02-13T02:57:34.054Z"}
{"level":"error","status":500,"timestamp":"2025-02-13T02:57:40.512Z"}
{"level":"error","message":"Internal server error","name":"InternalServerError","statusCode":500,"timestamp":"2025-02-13T02:57:40.512Z"}
{"level":"error","status":500,"timestamp":"2025-02-13T02:57:40.517Z"}
{"level":"error","message":"Internal server error","name":"InternalServerError","statusCode":500,"timestamp":"2025-02-13T02:57:40.517Z"}
{"level":"error","status":500,"timestamp":"2025-02-13T02:57:40.536Z"}
{"level":"error","message":"Internal server error","name":"InternalServerError","statusCode":500,"timestamp":"2025-02-13T02:57:40.536Z"}
{"level":"error","status":500,"timestamp":"2025-02-13T02:58:39.916Z"}
{"level":"error","message":"Internal server error","name":"InternalServerError","statusCode":500,"timestamp":"2025-02-13T02:58:39.916Z"}
{"level":"error","status":500,"timestamp":"2025-02-13T02:58:39.919Z"}
{"level":"error","message":"Internal server error","name":"InternalServerError","statusCode":500,"timestamp":"2025-02-13T02:58:39.920Z"}
{"level":"error","status":500,"timestamp":"2025-02-13T02:58:39.923Z"}
{"level":"error","message":"Internal server error","name":"InternalServerError","statusCode":500,"timestamp":"2025-02-13T02:58:39.923Z"}
{"level":"error","status":500,"timestamp":"2025-02-13T02:58:40.213Z"}
{"level":"error","message":"Internal server error","name":"InternalServerError","statusCode":500,"timestamp":"2025-02-13T02:58:40.214Z"}
{"level":"error","status":500,"timestamp":"2025-02-16T07:02:57.852Z"}
{"level":"error","message":"Internal server error","name":"InternalServerError","statusCode":500,"timestamp":"2025-02-16T07:02:57.873Z"}
{"level":"error","status":500,"timestamp":"2025-02-16T07:12:38.889Z"}
{"level":"error","message":"Internal server error","name":"InternalServerError","statusCode":500,"timestamp":"2025-02-16T07:12:38.890Z"}
{"level":"error","status":500,"timestamp":"2025-02-16T08:08:27.184Z"}
{"level":"error","message":"Internal server error","name":"InternalServerError","statusCode":500,"timestamp":"2025-02-16T08:08:27.186Z"}
{"level":"error","message":"Authorization token required","method":"GET","path":"/api/v1/users/me","stack":"AppError: Authorization token required\n    at createAppError (/Users/shaileshchaudhary/Desktop/Coding/MrEngineer/Backend/src/utils/errorHandler.ts:45:17)\n    at authMiddleware (/Users/shaileshchaudhary/Desktop/Coding/MrEngineer/Backend/src/middlewares/authMiddleware.ts:19:17)\n    at Layer.handle [as handle_request] (/Users/shaileshchaudhary/Desktop/Coding/MrEngineer/Backend/node_modules/express/lib/router/layer.js:95:5)\n    at trim_prefix (/Users/shaileshchaudhary/Desktop/Coding/MrEngineer/Backend/node_modules/express/lib/router/index.js:328:13)\n    at /Users/shaileshchaudhary/Desktop/Coding/MrEngineer/Backend/node_modules/express/lib/router/index.js:286:9\n    at Function.process_params (/Users/shaileshchaudhary/Desktop/Coding/MrEngineer/Backend/node_modules/express/lib/router/index.js:346:12)\n    at next (/Users/shaileshchaudhary/Desktop/Coding/MrEngineer/Backend/node_modules/express/lib/router/index.js:280:10)\n    at Function.handle (/Users/shaileshchaudhary/Desktop/Coding/MrEngineer/Backend/node_modules/express/lib/router/index.js:175:3)\n    at router (/Users/shaileshchaudhary/Desktop/Coding/MrEngineer/Backend/node_modules/express/lib/router/index.js:47:12)\n    at Layer.handle [as handle_request] (/Users/shaileshchaudhary/Desktop/Coding/MrEngineer/Backend/node_modules/express/lib/router/layer.js:95:5)","status":401,"timestamp":"2025-02-16T08:21:01.024Z"}
{"level":"error","message":"Authorization token required","name":"AppError","timestamp":"2025-02-16T08:21:01.025Z"}
