[2024-05-12 04:44:09.217 AM] error: [object Object]
[2024-05-12 04:44:46.061 AM] error: [object Object]
[2024-05-12 04:45:45.599 AM] error: [object Object]
[2024-05-12 04:46:22.610 AM] error: [object Object]
[2024-05-12 04:48:44.469 AM] error: [object Object]
[2024-05-12 04:49:34.768 AM] error: [object Object]
[2024-05-12 04:50:03.352 AM] error: [object Object]
[2024-05-12 04:50:28.864 AM] error: [object Object]
[2024-05-12 04:51:15.031 AM] error: ReferenceError: name is not defined
[2024-05-12 04:51:58.559 AM] error: MongoServerError: E11000 duplicate key error collection: test.users index: email_1 dup key: { email: "shailesh@gmail.com" }
[2024-05-12 04:52:17.755 AM] error: MongoServerError: E11000 duplicate key error collection: test.users index: username_1 dup key: { username: "shaileshbhai" }
[2024-05-12 04:53:31.754 AM] error: MongoServerError: E11000 duplicate key error collection: test.users index: email_1 dup key: { email: "shaileshbhai1234@gmail.com" }
[2024-05-12 05:31:50.772 AM] error: TypeError: Cannot read properties of null (reading 'password')
[2024-05-21 07:45:43.482 AM] error: Error [ERR_HTTP_HEADERS_SENT]: Cannot set headers after they are sent to the client
[2024-05-27 04:42:05.773 PM] error: Error [ERR_HTTP_HEADERS_SENT]: Cannot set headers after they are sent to the client
[2024-05-27 04:46:50.692 PM] error: Error [ERR_HTTP_HEADERS_SENT]: Cannot set headers after they are sent to the client
[2024-05-27 04:50:53.826 PM] error: MongoServerError: E11000 duplicate key error collection: test.users index: email_1 dup key: { email: "test12223@gmail.com" }
[2024-05-27 05:07:16.021 PM] error: MongoServerError: E11000 duplicate key error collection: test.users index: email_1 dup key: { email: "test@gmail.com" }
[2024-05-27 05:07:59.750 PM] error: MongoServerError: E11000 duplicate key error collection: test.users index: email_1 dup key: { email: "test@gmail.com" }
[2024-05-27 05:08:22.591 PM] error: MongoServerError: E11000 duplicate key error collection: test.users index: email_1 dup key: { email: "test@gmail.com" }
[2024-05-27 05:08:33.067 PM] error: MongoServerError: E11000 duplicate key error collection: test.users index: email_1 dup key: { email: "test@gmail.com" }
[2024-05-27 05:10:41.515 PM] error: MongoServerError: E11000 duplicate key error collection: test.users index: email_1 dup key: { email: "test@gmail.com" }
[2024-05-27 05:10:57.684 PM] error: MongoServerError: E11000 duplicate key error collection: test.users index: email_1 dup key: { email: "test@gmail.com" }
[2024-05-27 05:13:21.120 PM] error: MongoServerError: E11000 duplicate key error collection: test.users index: email_1 dup key: { email: "viraj@gmail.com" }
[2024-05-27 05:14:09.891 PM] error: MongoServerError: E11000 duplicate key error collection: test.users index: email_1 dup key: { email: "viraj@gmail.com" }
[2024-05-27 05:14:43.623 PM] error: MongoServerError: E11000 duplicate key error collection: test.users index: email_1 dup key: { email: "viraj@gmail.com" }
[2024-05-27 05:20:18.655 PM] error: MongoServerError: E11000 duplicate key error collection: test.users index: email_1 dup key: { email: "viraj@gmail.com" }
[2024-05-29 10:03:10.171 PM] error: Error [ERR_HTTP_HEADERS_SENT]: Cannot set headers after they are sent to the client
[2024-05-29 10:06:33.898 PM] error: MongoServerError: E11000 duplicate key error collection: test.users index: username_1 dup key: { username: "shaileshbhai" }
[2024-05-31 03:55:40.321 PM] error: TypeError: Cannot read properties of undefined (reading 'email')
[2024-05-31 03:55:40.326 PM] error: TypeError: Cannot read properties of undefined (reading 'email')
